<?xml version="1.0" encoding="UTF-8"?>
<testsuite name="stocks.MainControllerIT" tests="1" skipped="0" failures="0" errors="0" timestamp="2016-01-19T11:24:33" hostname="Giorgoss-MacBook-Pro.local" time="0.198">
  <properties/>
  <testcase name="getHello" classname="stocks.MainControllerIT" time="0.198"/>
  <system-out><![CDATA[13:24:30.757 [Test worker] DEBUG o.s.t.c.j.SpringJUnit4ClassRunner - SpringJUnit4ClassRunner constructor called with [class stocks.MainControllerIT]
13:24:30.767 [Test worker] DEBUG o.s.test.context.BootstrapUtils - Instantiating CacheAwareContextLoaderDelegate from class [org.springframework.test.context.cache.DefaultCacheAwareContextLoaderDelegate]
13:24:30.770 [Test worker] DEBUG o.s.test.context.BootstrapUtils - Instantiating BootstrapContext using constructor [public org.springframework.test.context.support.DefaultBootstrapContext(java.lang.Class,org.springframework.test.context.CacheAwareContextLoaderDelegate)]
13:24:30.778 [Test worker] DEBUG o.s.test.context.BootstrapUtils - Instantiating TestContextBootstrapper for test class [stocks.MainControllerIT] from class [org.springframework.test.context.web.WebTestContextBootstrapper]
13:24:30.791 [Test worker] DEBUG o.s.t.c.w.WebTestContextBootstrapper - Found explicit ContextLoader class [org.springframework.boot.test.SpringApplicationContextLoader] for context configuration attributes [ContextConfigurationAttributes@4a00ffba declaringClass = 'stocks.MainControllerIT', classes = '{class stocks.Application}', locations = '{}', inheritLocations = true, initializers = '{}', inheritInitializers = true, name = [null], contextLoaderClass = 'org.springframework.boot.test.SpringApplicationContextLoader']
13:24:30.796 [Test worker] DEBUG o.s.t.c.s.AbstractContextLoader - Did not detect default resource location for test class [stocks.MainControllerIT]: class path resource [stocks/MainControllerIT-context.xml] does not exist
13:24:30.796 [Test worker] DEBUG o.s.t.c.s.AbstractContextLoader - Did not detect default resource location for test class [stocks.MainControllerIT]: class path resource [stocks/MainControllerITContext.groovy] does not exist
13:24:30.796 [Test worker] INFO  o.s.t.c.s.AbstractContextLoader - Could not detect default resource locations for test class [stocks.MainControllerIT]: no resource found for suffixes {-context.xml, Context.groovy}.
13:24:30.797 [Test worker] DEBUG o.s.t.c.support.ActiveProfilesUtils - Could not find an 'annotation declaring class' for annotation type [org.springframework.test.context.ActiveProfiles] and class [stocks.MainControllerIT]
13:24:30.803 [Test worker] INFO  o.s.t.c.w.WebTestContextBootstrapper - Could not instantiate TestExecutionListener [org.springframework.test.context.transaction.TransactionalTestExecutionListener]. Specify custom listener classes or make the default listener classes (and their required dependencies) available. Offending class: [org/springframework/transaction/interceptor/TransactionAttributeSource]
13:24:30.803 [Test worker] INFO  o.s.t.c.w.WebTestContextBootstrapper - Could not instantiate TestExecutionListener [org.springframework.test.context.jdbc.SqlScriptsTestExecutionListener]. Specify custom listener classes or make the default listener classes (and their required dependencies) available. Offending class: [org/springframework/transaction/interceptor/TransactionAttribute]
13:24:30.803 [Test worker] INFO  o.s.t.c.w.WebTestContextBootstrapper - Using TestExecutionListeners: [org.springframework.boot.test.IntegrationTestPropertiesListener@399ca4a7, org.springframework.test.context.support.DirtiesContextBeforeModesTestExecutionListener@6c7204f0, org.springframework.test.context.support.DependencyInjectionTestExecutionListener@538907bd, org.springframework.test.context.support.DirtiesContextTestExecutionListener@79851ce9]
13:24:30.805 [Test worker] DEBUG o.s.t.annotation.ProfileValueUtils - Retrieved @ProfileValueSourceConfiguration [null] for test class [stocks.MainControllerIT]
13:24:30.805 [Test worker] DEBUG o.s.t.annotation.ProfileValueUtils - Retrieved ProfileValueSource type [class org.springframework.test.annotation.SystemProfileValueSource] for class [stocks.MainControllerIT]
13:24:30.806 [Test worker] DEBUG o.s.t.annotation.ProfileValueUtils - Retrieved @ProfileValueSourceConfiguration [null] for test class [stocks.MainControllerIT]
13:24:30.807 [Test worker] DEBUG o.s.t.annotation.ProfileValueUtils - Retrieved ProfileValueSource type [class org.springframework.test.annotation.SystemProfileValueSource] for class [stocks.MainControllerIT]
13:24:30.807 [Test worker] DEBUG o.s.t.annotation.ProfileValueUtils - Retrieved @ProfileValueSourceConfiguration [null] for test class [stocks.MainControllerIT]
13:24:30.807 [Test worker] DEBUG o.s.t.annotation.ProfileValueUtils - Retrieved ProfileValueSource type [class org.springframework.test.annotation.SystemProfileValueSource] for class [stocks.MainControllerIT]
13:24:30.808 [Test worker] DEBUG o.s.t.c.s.AbstractDirtiesContextTestExecutionListener - Before test class: context [DefaultTestContext@6211826a testClass = MainControllerIT, testInstance = [null], testMethod = [null], testException = [null], mergedContextConfiguration = [WebMergedContextConfiguration@3bbc710a testClass = MainControllerIT, locations = '{}', classes = '{class stocks.Application}', contextInitializerClasses = '[]', activeProfiles = '{}', propertySourceLocations = '{}', propertySourceProperties = '{}', resourceBasePath = 'src/main/webapp', contextLoader = 'org.springframework.boot.test.SpringApplicationContextLoader', parent = [null]]], class annotated with @DirtiesContext [false] with mode [null].
13:24:30.809 [Test worker] DEBUG o.s.t.annotation.ProfileValueUtils - Retrieved @ProfileValueSourceConfiguration [null] for test class [stocks.MainControllerIT]
13:24:30.809 [Test worker] DEBUG o.s.t.annotation.ProfileValueUtils - Retrieved ProfileValueSource type [class org.springframework.test.annotation.SystemProfileValueSource] for class [stocks.MainControllerIT]
13:24:30.811 [Test worker] DEBUG o.s.test.util.ReflectionTestUtils - Getting field 'mergedContextConfiguration' from target object [[DefaultTestContext@6211826a testClass = MainControllerIT, testInstance = stocks.MainControllerIT@102ba3c3, testMethod = [null], testException = [null], mergedContextConfiguration = [WebMergedContextConfiguration@3bbc710a testClass = MainControllerIT, locations = '{}', classes = '{class stocks.Application}', contextInitializerClasses = '[]', activeProfiles = '{}', propertySourceLocations = '{}', propertySourceProperties = '{}', resourceBasePath = 'src/main/webapp', contextLoader = 'org.springframework.boot.test.SpringApplicationContextLoader', parent = [null]]]] or target class [class org.springframework.test.context.support.DefaultTestContext]
13:24:30.812 [Test worker] DEBUG o.s.test.util.ReflectionTestUtils - Setting field 'propertySourceProperties' of type [null] on target object [[WebMergedContextConfiguration@3bbc710a testClass = MainControllerIT, locations = '{}', classes = '{class stocks.Application}', contextInitializerClasses = '[]', activeProfiles = '{}', propertySourceLocations = '{}', propertySourceProperties = '{}', resourceBasePath = 'src/main/webapp', contextLoader = 'org.springframework.boot.test.SpringApplicationContextLoader', parent = [null]]] or target class [class org.springframework.test.context.web.WebMergedContextConfiguration] to value [[Ljava.lang.String;@1848a8b4]
13:24:30.812 [Test worker] DEBUG o.s.t.c.s.DependencyInjectionTestExecutionListener - Performing dependency injection for test context [[DefaultTestContext@6211826a testClass = MainControllerIT, testInstance = stocks.MainControllerIT@102ba3c3, testMethod = [null], testException = [null], mergedContextConfiguration = [WebMergedContextConfiguration@3bbc710a testClass = MainControllerIT, locations = '{}', classes = '{class stocks.Application}', contextInitializerClasses = '[]', activeProfiles = '{}', propertySourceLocations = '{}', propertySourceProperties = '{server.port=0, org.springframework.boot.test.IntegrationTest=true}', resourceBasePath = 'src/main/webapp', contextLoader = 'org.springframework.boot.test.SpringApplicationContextLoader', parent = [null]]]].
13:24:30.863 [Test worker] DEBUG o.s.core.env.StandardEnvironment - Adding [systemProperties] PropertySource with lowest search precedence
13:24:30.865 [Test worker] DEBUG o.s.core.env.StandardEnvironment - Adding [systemEnvironment] PropertySource with lowest search precedence
13:24:30.865 [Test worker] DEBUG o.s.core.env.StandardEnvironment - Initialized StandardEnvironment with PropertySources [systemProperties,systemEnvironment]
13:24:30.866 [Test worker] DEBUG o.s.core.env.StandardEnvironment - Adding [integrationTest] PropertySource with search precedence immediately lower than [systemEnvironment]

  .   ____          _            __ _ _
 /\\ / ___'_ __ _ _(_)_ __  __ _ \ \ \ \
( ( )\___ | '_ | '_| | '_ \/ _` | \ \ \ \
 \\/  ___)| |_)| | | | | || (_| |  ) ) ) )
  '  |____| .__|_| |_|_| |_\__, | / / / /
 =========|_|==============|___/=/_/_/_/
 :: Spring Boot ::        (v1.3.1.RELEASE)

2016-01-19 13:24:31.369  INFO 21385 --- [    Test worker] stocks.MainControllerIT                  : Starting MainControllerIT on Giorgoss-MacBook-Pro.local with PID 21385 (/Users/allemaos/workspace_intelliJ/jpmorganTest.final/build/classes/test started by allemaos in /Users/allemaos/workspace_intelliJ/jpmorganTest.final)
2016-01-19 13:24:31.370  INFO 21385 --- [    Test worker] stocks.MainControllerIT                  : No active profile set, falling back to default profiles: default
2016-01-19 13:24:31.395  INFO 21385 --- [    Test worker] ationConfigEmbeddedWebApplicationContext : Refreshing org.springframework.boot.context.embedded.AnnotationConfigEmbeddedWebApplicationContext@608eb49c: startup date [Tue Jan 19 13:24:31 EET 2016]; root of context hierarchy
2016-01-19 13:24:31.878  INFO 21385 --- [    Test worker] o.s.b.f.s.DefaultListableBeanFactory     : Overriding bean definition for bean 'beanNameViewResolver' with a different definition: replacing [Root bean: class [null]; scope=; abstract=false; lazyInit=false; autowireMode=3; dependencyCheck=0; autowireCandidate=true; primary=false; factoryBeanName=org.springframework.boot.autoconfigure.web.ErrorMvcAutoConfiguration$WhitelabelErrorViewConfiguration; factoryMethodName=beanNameViewResolver; initMethodName=null; destroyMethodName=(inferred); defined in class path resource [org/springframework/boot/autoconfigure/web/ErrorMvcAutoConfiguration$WhitelabelErrorViewConfiguration.class]] with [Root bean: class [null]; scope=; abstract=false; lazyInit=false; autowireMode=3; dependencyCheck=0; autowireCandidate=true; primary=false; factoryBeanName=org.springframework.boot.autoconfigure.web.WebMvcAutoConfiguration$WebMvcAutoConfigurationAdapter; factoryMethodName=beanNameViewResolver; initMethodName=null; destroyMethodName=(inferred); defined in class path resource [org/springframework/boot/autoconfigure/web/WebMvcAutoConfiguration$WebMvcAutoConfigurationAdapter.class]]
2016-01-19 13:24:32.144  INFO 21385 --- [    Test worker] trationDelegate$BeanPostProcessorChecker : Bean 'org.springframework.cache.annotation.ProxyCachingConfiguration' of type [class org.springframework.cache.annotation.ProxyCachingConfiguration$$EnhancerBySpringCGLIB$$c7d1a94c] is not eligible for getting processed by all BeanPostProcessors (for example: not eligible for auto-proxying)
2016-01-19 13:24:32.157  INFO 21385 --- [    Test worker] trationDelegate$BeanPostProcessorChecker : Bean 'org.springframework.boot.autoconfigure.cache.CacheAutoConfiguration' of type [class org.springframework.boot.autoconfigure.cache.CacheAutoConfiguration$$EnhancerBySpringCGLIB$$1f9a970] is not eligible for getting processed by all BeanPostProcessors (for example: not eligible for auto-proxying)
2016-01-19 13:24:32.282  INFO 21385 --- [    Test worker] trationDelegate$BeanPostProcessorChecker : Bean 'spring.cache.CONFIGURATION_PROPERTIES' of type [class org.springframework.boot.autoconfigure.cache.CacheProperties] is not eligible for getting processed by all BeanPostProcessors (for example: not eligible for auto-proxying)
2016-01-19 13:24:32.287  INFO 21385 --- [    Test worker] trationDelegate$BeanPostProcessorChecker : Bean 'org.springframework.boot.autoconfigure.cache.SimpleCacheConfiguration' of type [class org.springframework.boot.autoconfigure.cache.SimpleCacheConfiguration$$EnhancerBySpringCGLIB$$91b45431] is not eligible for getting processed by all BeanPostProcessors (for example: not eligible for auto-proxying)
2016-01-19 13:24:32.294  INFO 21385 --- [    Test worker] trationDelegate$BeanPostProcessorChecker : Bean 'cacheManager' of type [class org.springframework.cache.concurrent.ConcurrentMapCacheManager] is not eligible for getting processed by all BeanPostProcessors (for example: not eligible for auto-proxying)
2016-01-19 13:24:32.294  INFO 21385 --- [    Test worker] trationDelegate$BeanPostProcessorChecker : Bean 'cacheAutoConfigurationValidator' of type [class org.springframework.boot.autoconfigure.cache.CacheAutoConfiguration$CacheManagerValidator] is not eligible for getting processed by all BeanPostProcessors (for example: not eligible for auto-proxying)
2016-01-19 13:24:32.481  INFO 21385 --- [    Test worker] s.b.c.e.t.TomcatEmbeddedServletContainer : Tomcat initialized with port(s): 0 (http)
2016-01-19 13:24:32.490  INFO 21385 --- [    Test worker] o.apache.catalina.core.StandardService   : Starting service Tomcat
2016-01-19 13:24:32.491  INFO 21385 --- [    Test worker] org.apache.catalina.core.StandardEngine  : Starting Servlet Engine: Apache Tomcat/8.0.30
2016-01-19 13:24:32.551  INFO 21385 --- [ost-startStop-1] o.a.c.c.C.[Tomcat].[localhost].[/]       : Initializing Spring embedded WebApplicationContext
2016-01-19 13:24:32.551  INFO 21385 --- [ost-startStop-1] o.s.web.context.ContextLoader            : Root WebApplicationContext: initialization completed in 1158 ms
2016-01-19 13:24:32.817  INFO 21385 --- [ost-startStop-1] o.s.b.c.e.ServletRegistrationBean        : Mapping servlet: 'dispatcherServlet' to [/]
2016-01-19 13:24:32.820  INFO 21385 --- [ost-startStop-1] o.s.b.c.embedded.FilterRegistrationBean  : Mapping filter: 'metricFilter' to: [/*]
2016-01-19 13:24:32.820  INFO 21385 --- [ost-startStop-1] o.s.b.c.embedded.FilterRegistrationBean  : Mapping filter: 'characterEncodingFilter' to: [/*]
2016-01-19 13:24:32.821  INFO 21385 --- [ost-startStop-1] o.s.b.c.embedded.FilterRegistrationBean  : Mapping filter: 'hiddenHttpMethodFilter' to: [/*]
2016-01-19 13:24:32.821  INFO 21385 --- [ost-startStop-1] o.s.b.c.embedded.FilterRegistrationBean  : Mapping filter: 'httpPutFormContentFilter' to: [/*]
2016-01-19 13:24:32.821  INFO 21385 --- [ost-startStop-1] o.s.b.c.embedded.FilterRegistrationBean  : Mapping filter: 'requestContextFilter' to: [/*]
2016-01-19 13:24:32.821  INFO 21385 --- [ost-startStop-1] o.s.b.c.embedded.FilterRegistrationBean  : Mapping filter: 'webRequestLoggingFilter' to: [/*]
2016-01-19 13:24:32.821  INFO 21385 --- [ost-startStop-1] o.s.b.c.embedded.FilterRegistrationBean  : Mapping filter: 'applicationContextIdFilter' to: [/*]
2016-01-19 13:24:33.030  INFO 21385 --- [    Test worker] s.w.s.m.m.a.RequestMappingHandlerAdapter : Looking for @ControllerAdvice: org.springframework.boot.context.embedded.AnnotationConfigEmbeddedWebApplicationContext@608eb49c: startup date [Tue Jan 19 13:24:31 EET 2016]; root of context hierarchy
2016-01-19 13:24:33.074  INFO 21385 --- [    Test worker] s.w.s.m.m.a.RequestMappingHandlerMapping : Mapped "{[/]}" onto public java.lang.String stocks.MainController.index()
2016-01-19 13:24:33.076  INFO 21385 --- [    Test worker] s.w.s.m.m.a.RequestMappingHandlerMapping : Mapped "{[/error]}" onto public org.springframework.http.ResponseEntity<java.util.Map<java.lang.String, java.lang.Object>> org.springframework.boot.autoconfigure.web.BasicErrorController.error(javax.servlet.http.HttpServletRequest)
2016-01-19 13:24:33.076  INFO 21385 --- [    Test worker] s.w.s.m.m.a.RequestMappingHandlerMapping : Mapped "{[/error],produces=[text/html]}" onto public org.springframework.web.servlet.ModelAndView org.springframework.boot.autoconfigure.web.BasicErrorController.errorHtml(javax.servlet.http.HttpServletRequest,javax.servlet.http.HttpServletResponse)
2016-01-19 13:24:33.093  INFO 21385 --- [    Test worker] o.s.w.s.handler.SimpleUrlHandlerMapping  : Mapped URL path [/webjars/**] onto handler of type [class org.springframework.web.servlet.resource.ResourceHttpRequestHandler]
2016-01-19 13:24:33.093  INFO 21385 --- [    Test worker] o.s.w.s.handler.SimpleUrlHandlerMapping  : Mapped URL path [/**] onto handler of type [class org.springframework.web.servlet.resource.ResourceHttpRequestHandler]
2016-01-19 13:24:33.116  INFO 21385 --- [    Test worker] o.s.w.s.handler.SimpleUrlHandlerMapping  : Mapped URL path [/**/favicon.ico] onto handler of type [class org.springframework.web.servlet.resource.ResourceHttpRequestHandler]
2016-01-19 13:24:33.333  INFO 21385 --- [    Test worker] o.s.b.a.e.mvc.EndpointHandlerMapping     : Mapped "{[/trace || /trace.json],methods=[GET],produces=[application/json]}" onto public java.lang.Object org.springframework.boot.actuate.endpoint.mvc.EndpointMvcAdapter.invoke()
2016-01-19 13:24:33.334  INFO 21385 --- [    Test worker] o.s.b.a.e.mvc.EndpointHandlerMapping     : Mapped "{[/beans || /beans.json],methods=[GET],produces=[application/json]}" onto public java.lang.Object org.springframework.boot.actuate.endpoint.mvc.EndpointMvcAdapter.invoke()
2016-01-19 13:24:33.335  INFO 21385 --- [    Test worker] o.s.b.a.e.mvc.EndpointHandlerMapping     : Mapped "{[/info || /info.json],methods=[GET],produces=[application/json]}" onto public java.lang.Object org.springframework.boot.actuate.endpoint.mvc.EndpointMvcAdapter.invoke()
2016-01-19 13:24:33.335  INFO 21385 --- [    Test worker] o.s.b.a.e.mvc.EndpointHandlerMapping     : Mapped "{[/mappings || /mappings.json],methods=[GET],produces=[application/json]}" onto public java.lang.Object org.springframework.boot.actuate.endpoint.mvc.EndpointMvcAdapter.invoke()
2016-01-19 13:24:33.336  INFO 21385 --- [    Test worker] o.s.b.a.e.mvc.EndpointHandlerMapping     : Mapped "{[/autoconfig || /autoconfig.json],methods=[GET],produces=[application/json]}" onto public java.lang.Object org.springframework.boot.actuate.endpoint.mvc.EndpointMvcAdapter.invoke()
2016-01-19 13:24:33.338  INFO 21385 --- [    Test worker] o.s.b.a.e.mvc.EndpointHandlerMapping     : Mapped "{[/configprops || /configprops.json],methods=[GET],produces=[application/json]}" onto public java.lang.Object org.springframework.boot.actuate.endpoint.mvc.EndpointMvcAdapter.invoke()
2016-01-19 13:24:33.338  INFO 21385 --- [    Test worker] o.s.b.a.e.mvc.EndpointHandlerMapping     : Mapped "{[/dump || /dump.json],methods=[GET],produces=[application/json]}" onto public java.lang.Object org.springframework.boot.actuate.endpoint.mvc.EndpointMvcAdapter.invoke()
2016-01-19 13:24:33.339  INFO 21385 --- [    Test worker] o.s.b.a.e.mvc.EndpointHandlerMapping     : Mapped "{[/metrics/{name:.*}],methods=[GET],produces=[application/json]}" onto public java.lang.Object org.springframework.boot.actuate.endpoint.mvc.MetricsMvcEndpoint.value(java.lang.String)
2016-01-19 13:24:33.339  INFO 21385 --- [    Test worker] o.s.b.a.e.mvc.EndpointHandlerMapping     : Mapped "{[/metrics || /metrics.json],methods=[GET],produces=[application/json]}" onto public java.lang.Object org.springframework.boot.actuate.endpoint.mvc.EndpointMvcAdapter.invoke()
2016-01-19 13:24:33.340  INFO 21385 --- [    Test worker] o.s.b.a.e.mvc.EndpointHandlerMapping     : Mapped "{[/env/{name:.*}],methods=[GET],produces=[application/json]}" onto public java.lang.Object org.springframework.boot.actuate.endpoint.mvc.EnvironmentMvcEndpoint.value(java.lang.String)
2016-01-19 13:24:33.340  INFO 21385 --- [    Test worker] o.s.b.a.e.mvc.EndpointHandlerMapping     : Mapped "{[/env || /env.json],methods=[GET],produces=[application/json]}" onto public java.lang.Object org.springframework.boot.actuate.endpoint.mvc.EndpointMvcAdapter.invoke()
2016-01-19 13:24:33.341  INFO 21385 --- [    Test worker] o.s.b.a.e.mvc.EndpointHandlerMapping     : Mapped "{[/health || /health.json],produces=[application/json]}" onto public java.lang.Object org.springframework.boot.actuate.endpoint.mvc.HealthMvcEndpoint.invoke(java.security.Principal)
2016-01-19 13:24:33.471  INFO 21385 --- [    Test worker] s.b.c.e.t.TomcatEmbeddedServletContainer : Tomcat started on port(s): 57902 (http)
2016-01-19 13:24:33.473  INFO 21385 --- [    Test worker] stocks.runners.StockRepoStocksLoader     : .... Loading stocks
2016-01-19 13:24:33.478  INFO 21385 --- [    Test worker] stocks.runners.StockRepoStocksLoader     : TEA -->Stock{symbol='TEA', lastDividend=0.0, fixedDividend=0.0, parValue=100.0, tickerPrice=0.0}
2016-01-19 13:24:33.478  INFO 21385 --- [    Test worker] stocks.runners.StockRepoStocksLoader     : POP -->Stock{symbol='POP', lastDividend=8.0, fixedDividend=0.0, parValue=100.0, tickerPrice=0.0}
2016-01-19 13:24:33.478  INFO 21385 --- [    Test worker] stocks.runners.StockRepoStocksLoader     : ALE -->Stock{symbol='ALE', lastDividend=23.0, fixedDividend=0.0, parValue=60.0, tickerPrice=0.0}
2016-01-19 13:24:33.478  INFO 21385 --- [    Test worker] stocks.runners.StockRepoStocksLoader     : GIN -->Stock{symbol='GIN', lastDividend=8.0, fixedDividend=0.02, parValue=100.0, tickerPrice=0.0}
2016-01-19 13:24:33.478  INFO 21385 --- [    Test worker] stocks.runners.StockRepoStocksLoader     : JOE -->Stock{symbol='JOE', lastDividend=13.0, fixedDividend=0.0, parValue=250.0, tickerPrice=0.0}
2016-01-19 13:24:33.478  INFO 21385 --- [    Test worker] stocks.runners.StockRepoTradesLoader     : .... Trades Phase:
2016-01-19 13:24:33.478  INFO 21385 --- [    Test worker] stocks.runners.StockRepoTradesLoader     : .... Initializing trades
2016-01-19 13:24:33.479  INFO 21385 --- [    Test worker] stocks.runners.StockRepoTradesLoader     : **There are no shares to trade for this stock
2016-01-19 13:24:33.479  INFO 21385 --- [    Test worker] stocks.runners.StockRepoTradesLoader     : Generated : (POP) 6[BUY], (price: 20.0)
2016-01-19 13:24:33.481  INFO 21385 --- [    Test worker] stocks.runners.StockRepoTradesLoader     : Generated : (ALE) 16[SELL], (price: 30.0)
2016-01-19 13:24:33.483  INFO 21385 --- [    Test worker] stocks.runners.StockRepoTradesLoader     : Generated : (GIN) 4[BUY], (price: 40.0)
2016-01-19 13:24:33.485  INFO 21385 --- [    Test worker] stocks.runners.StockRepoTradesLoader     : Generated : (JOE) 5[SELL], (price: 50.0)
2016-01-19 13:24:33.487  INFO 21385 --- [    Test worker] stocks.runners.StockRepoTradesLoader     : .... Loading more trades
2016-01-19 13:24:33.487  INFO 21385 --- [    Test worker] stocks.runners.StockRepoTradesLoader     : @stock current price: 20.0 and simulated price: 20.06
2016-01-19 13:24:33.487  INFO 21385 --- [    Test worker] stocks.runners.StockRepoTradesLoader     : Generated : (POP) 7[SELL], (price: 20.06)
2016-01-19 13:24:33.490  INFO 21385 --- [    Test worker] stocks.runners.StockRepoTradesLoader     : @stock current price: 20.06 and simulated price: 20.24
2016-01-19 13:24:33.490  INFO 21385 --- [    Test worker] stocks.runners.StockRepoTradesLoader     : Generated : (POP) 6[SELL], (price: 20.24)
2016-01-19 13:24:33.492  INFO 21385 --- [    Test worker] stocks.runners.StockRepoTradesLoader     : **There are no shares to trade for this stock
2016-01-19 13:24:33.492  INFO 21385 --- [    Test worker] stocks.runners.StockRepoTradesLoader     : @stock current price: 40.0 and simulated price: 40.81
2016-01-19 13:24:33.492  INFO 21385 --- [    Test worker] stocks.runners.StockRepoTradesLoader     : Generated : (GIN) 3[BUY], (price: 40.81)
2016-01-19 13:24:33.495  INFO 21385 --- [    Test worker] stocks.runners.StockRepoTradesLoader     : **There are no shares to trade for this stock
2016-01-19 13:24:33.495  INFO 21385 --- [    Test worker] stocks.runners.StockRepoTradesLoader     : **There are no shares to trade for this stock
2016-01-19 13:24:33.495  INFO 21385 --- [    Test worker] stocks.runners.StockRepoTradesLoader     : **There are no shares to trade for this stock
2016-01-19 13:24:33.496  INFO 21385 --- [    Test worker] stocks.runners.StockRepoTradesLoader     : @stock current price: 40.81 and simulated price: 41.26
2016-01-19 13:24:33.496  INFO 21385 --- [    Test worker] stocks.runners.StockRepoTradesLoader     : Generated : (GIN) 7[BUY], (price: 41.26)
2016-01-19 13:24:33.498  INFO 21385 --- [    Test worker] stocks.runners.StockRepoTradesLoader     : @stock current price: 30.0 and simulated price: 30.07
2016-01-19 13:24:33.498  INFO 21385 --- [    Test worker] stocks.runners.StockRepoTradesLoader     : Generated : (ALE) 9[SELL], (price: 30.07)
2016-01-19 13:24:33.500  INFO 21385 --- [    Test worker] stocks.runners.StockRepoTradesLoader     : @stock current price: 20.24 and simulated price: 21.06
2016-01-19 13:24:33.500  INFO 21385 --- [    Test worker] stocks.runners.StockRepoTradesLoader     : Generated : (POP) 2[SELL], (price: 21.06)
2016-01-19 13:24:33.503  INFO 21385 --- [    Test worker] stocks.runners.StockRepoTradesLoader     : @stock current price: 41.26 and simulated price: 42.05
2016-01-19 13:24:33.503  INFO 21385 --- [    Test worker] stocks.runners.StockRepoTradesLoader     : Generated : (GIN) 4[SELL], (price: 42.05)
2016-01-19 13:24:33.505  INFO 21385 --- [    Test worker] stocks.runners.StockRepoTradesLoader     : @stock current price: 30.07 and simulated price: 30.87
2016-01-19 13:24:33.505  INFO 21385 --- [    Test worker] stocks.runners.StockRepoTradesLoader     : Generated : (ALE) 14[SELL], (price: 30.87)
2016-01-19 13:24:33.507  INFO 21385 --- [    Test worker] stocks.runners.StockRepoTradesLoader     : @stock current price: 30.87 and simulated price: 31.07
2016-01-19 13:24:33.507  INFO 21385 --- [    Test worker] stocks.runners.StockRepoTradesLoader     : Generated : (ALE) 11[BUY], (price: 31.07)
2016-01-19 13:24:33.509  INFO 21385 --- [    Test worker] stocks.runners.StockRepoTradesLoader     : @stock current price: 21.06 and simulated price: 21.51
2016-01-19 13:24:33.509  INFO 21385 --- [    Test worker] stocks.runners.StockRepoTradesLoader     : Generated : (POP) 4[BUY], (price: 21.51)
2016-01-19 13:24:33.512  INFO 21385 --- [    Test worker] stocks.runners.StockRepoTradesLoader     : @stock current price: 21.51 and simulated price: 21.98
2016-01-19 13:24:33.512  INFO 21385 --- [    Test worker] stocks.runners.StockRepoTradesLoader     : Generated : (POP) 4[SELL], (price: 21.98)
2016-01-19 13:24:33.514  INFO 21385 --- [    Test worker] stocks.runners.StockRepoTradesLoader     : @stock current price: 42.05 and simulated price: 42.37
2016-01-19 13:24:33.515  INFO 21385 --- [    Test worker] stocks.runners.StockRepoTradesLoader     : Generated : (GIN) 5[BUY], (price: 42.37)
2016-01-19 13:24:33.518  INFO 21385 --- [    Test worker] stocks.runners.StockRepoTradesLoader     : **There are no shares to trade for this stock
2016-01-19 13:24:33.518  INFO 21385 --- [    Test worker] stocks.runners.StockRepoTradesLoader     : @stock current price: 31.07 and simulated price: 31.12
2016-01-19 13:24:33.518  INFO 21385 --- [    Test worker] stocks.runners.StockRepoTradesLoader     : Generated : (ALE) 18[SELL], (price: 31.12)
2016-01-19 13:24:33.521  INFO 21385 --- [    Test worker] stocks.runners.StockRepoTradesLoader     : @stock current price: 21.98 and simulated price: 22.31
2016-01-19 13:24:33.521  INFO 21385 --- [    Test worker] stocks.runners.StockRepoTradesLoader     : Generated : (POP) 2[BUY], (price: 22.31)
2016-01-19 13:24:33.523  INFO 21385 --- [    Test worker] stocks.runners.StockRepoTradesLoader     : @stock current price: 22.31 and simulated price: 22.6
2016-01-19 13:24:33.523  INFO 21385 --- [    Test worker] stocks.runners.StockRepoTradesLoader     : Generated : (POP) 2[BUY], (price: 22.6)
2016-01-19 13:24:33.526  INFO 21385 --- [    Test worker] stocks.runners.StockRepoTradesLoader     : All Trades size: 19
2016-01-19 13:24:33.528  INFO 21385 --- [    Test worker] stocks.runners.JPMorganTestLoader        : # Stocks Table:
2016-01-19 13:24:33.528  INFO 21385 --- [    Test worker] stocks.runners.JPMorganTestLoader        : TEA -->Stock{symbol='TEA', lastDividend=0.0, fixedDividend=0.0, parValue=100.0, tickerPrice=0.0}
2016-01-19 13:24:33.528  INFO 21385 --- [    Test worker] stocks.runners.JPMorganTestLoader        : POP -->Stock{symbol='POP', lastDividend=8.0, fixedDividend=0.0, parValue=100.0, tickerPrice=22.6}
2016-01-19 13:24:33.528  INFO 21385 --- [    Test worker] stocks.runners.JPMorganTestLoader        : ALE -->Stock{symbol='ALE', lastDividend=23.0, fixedDividend=0.0, parValue=60.0, tickerPrice=31.12}
2016-01-19 13:24:33.528  INFO 21385 --- [    Test worker] stocks.runners.JPMorganTestLoader        : GIN -->Stock{symbol='GIN', lastDividend=8.0, fixedDividend=0.02, parValue=100.0, tickerPrice=42.37}
2016-01-19 13:24:33.529  INFO 21385 --- [    Test worker] stocks.runners.JPMorganTestLoader        : JOE -->Stock{symbol='JOE', lastDividend=13.0, fixedDividend=0.0, parValue=250.0, tickerPrice=50.0}
2016-01-19 13:24:33.529  INFO 21385 --- [    Test worker] stocks.runners.JPMorganTestLoader        : # Dividend Yield for every stock:
2016-01-19 13:24:33.529  INFO 21385 --- [    Test worker] stocks.runners.JPMorganTestLoader        : POP - : 0.35
2016-01-19 13:24:33.529  INFO 21385 --- [    Test worker] stocks.runners.JPMorganTestLoader        : ALE - : 0.74
2016-01-19 13:24:33.529  INFO 21385 --- [    Test worker] stocks.runners.JPMorganTestLoader        : GIN - : 0.05
2016-01-19 13:24:33.529  INFO 21385 --- [    Test worker] stocks.runners.JPMorganTestLoader        : JOE - : 0.26
2016-01-19 13:24:33.529  INFO 21385 --- [    Test worker] stocks.runners.JPMorganTestLoader        : # PERatio for every stock:
2016-01-19 13:24:33.529  INFO 21385 --- [    Test worker] stocks.runners.JPMorganTestLoader        : POP - : 63.85
2016-01-19 13:24:33.530  INFO 21385 --- [    Test worker] stocks.runners.JPMorganTestLoader        : ALE - : 42.11
2016-01-19 13:24:33.530  INFO 21385 --- [    Test worker] stocks.runners.JPMorganTestLoader        : GIN - : 897.61
2016-01-19 13:24:33.530  INFO 21385 --- [    Test worker] stocks.runners.JPMorganTestLoader        : JOE - : 192.31
2016-01-19 13:24:33.530  INFO 21385 --- [    Test worker] stocks.runners.JPMorganTestLoader        : # Stock Price for every stock:
2016-01-19 13:24:33.533  INFO 21385 --- [    Test worker] stocks.runners.JPMorganTestLoader        : POP - : 20.41
2016-01-19 13:24:33.534  INFO 21385 --- [    Test worker] stocks.runners.JPMorganTestLoader        : ALE - : 30.42
2016-01-19 13:24:33.534  INFO 21385 --- [    Test worker] stocks.runners.JPMorganTestLoader        : GIN - : 41.07
2016-01-19 13:24:33.534  INFO 21385 --- [    Test worker] stocks.runners.JPMorganTestLoader        : JOE - : 50.0
2016-01-19 13:24:33.563  INFO 21385 --- [    Test worker] stocks.runners.JPMorganTestLoader        : # GBCEAllShareIndex: 33.6
2016-01-19 13:24:33.563  INFO 21385 --- [    Test worker] stocks.runners.JPMorganTestLoader        : NOTE: LastDividend of TEA is 0.0 - this stock is not valid for our calculations
2016-01-19 13:24:33.564  INFO 21385 --- [    Test worker] stocks.MainControllerIT                  : Started MainControllerIT in 2.694 seconds (JVM running for 3.403)
2016-01-19 13:24:33.717  INFO 21385 --- [o-auto-1-exec-1] o.a.c.c.C.[Tomcat].[localhost].[/]       : Initializing Spring FrameworkServlet 'dispatcherServlet'
2016-01-19 13:24:33.717  INFO 21385 --- [o-auto-1-exec-1] o.s.web.servlet.DispatcherServlet        : FrameworkServlet 'dispatcherServlet': initialization started
2016-01-19 13:24:33.726  INFO 21385 --- [o-auto-1-exec-1] o.s.web.servlet.DispatcherServlet        : FrameworkServlet 'dispatcherServlet': initialization completed in 9 ms
]]></system-out>
  <system-err><![CDATA[]]></system-err>
</testsuite>
