<?xml version="1.0" encoding="UTF-8"?>
<testsuite name="stocks.runners.StockRepoStocksLoaderTest" tests="1" skipped="0" failures="0" errors="0" timestamp="2016-01-19T11:24:34" hostname="Giorgoss-MacBook-Pro.local" time="0.0">
  <properties/>
  <testcase name="testRun" classname="stocks.runners.StockRepoStocksLoaderTest" time="0.0"/>
  <system-out><![CDATA[2016-01-19 13:24:34.344  INFO 21385 --- [    Test worker] o.s.t.c.support.AbstractContextLoader    : Could not detect default resource locations for test class [stocks.runners.StockRepoStocksLoaderTest]: no resource found for suffixes {-context.xml, Context.groovy}.
2016-01-19 13:24:34.345  INFO 21385 --- [    Test worker] o.s.t.c.s.DefaultTestContextBootstrapper : Loaded default TestExecutionListener class names from location [META-INF/spring.factories]: [org.springframework.test.context.web.ServletTestExecutionListener, org.springframework.test.context.support.DirtiesContextBeforeModesTestExecutionListener, org.springframework.test.context.support.DependencyInjectionTestExecutionListener, org.springframework.test.context.support.DirtiesContextTestExecutionListener, org.springframework.test.context.transaction.TransactionalTestExecutionListener, org.springframework.test.context.jdbc.SqlScriptsTestExecutionListener]
2016-01-19 13:24:34.346  INFO 21385 --- [    Test worker] o.s.t.c.s.DefaultTestContextBootstrapper : Could not instantiate TestExecutionListener [org.springframework.test.context.jdbc.SqlScriptsTestExecutionListener]. Specify custom listener classes or make the default listener classes (and their required dependencies) available. Offending class: [org/springframework/transaction/interceptor/TransactionAttribute]
2016-01-19 13:24:34.346  INFO 21385 --- [    Test worker] o.s.t.c.s.DefaultTestContextBootstrapper : Could not instantiate TestExecutionListener [org.springframework.test.context.transaction.TransactionalTestExecutionListener]. Specify custom listener classes or make the default listener classes (and their required dependencies) available. Offending class: [org/springframework/transaction/interceptor/TransactionAttributeSource]
2016-01-19 13:24:34.346  INFO 21385 --- [    Test worker] o.s.t.c.s.DefaultTestContextBootstrapper : Using TestExecutionListeners: [org.springframework.test.context.web.ServletTestExecutionListener@1e9b1c06, org.springframework.test.context.support.DirtiesContextBeforeModesTestExecutionListener@3e39210e, org.springframework.test.context.support.DependencyInjectionTestExecutionListener@59ec556e, org.springframework.test.context.support.DirtiesContextTestExecutionListener@3b41bc2d]
2016-01-19 13:24:34.348  INFO 21385 --- [    Test worker] s.runners.StockRepoStocksLoaderTest      : StockRepoStocksLoaderTesting..
2016-01-19 13:24:34.348  INFO 21385 --- [    Test worker] s.runners.StockRepoStocksLoaderTest      : TEA -->Stock{symbol='TEA', lastDividend=0.0, fixedDividend=0.0, parValue=100.0, tickerPrice=0.0}
2016-01-19 13:24:34.348  INFO 21385 --- [    Test worker] s.runners.StockRepoStocksLoaderTest      : TEA -->Stock{symbol='TEA', lastDividend=0.0, fixedDividend=0.0, parValue=100.0, tickerPrice=5000.0}
2016-01-19 13:24:34.348  INFO 21385 --- [    Test worker] s.runners.StockRepoStocksLoaderTest      : TEA new ticker price -->Stock{symbol='TEA', lastDividend=0.0, fixedDividend=0.0, parValue=100.0, tickerPrice=5000.0}
]]></system-out>
  <system-err><![CDATA[]]></system-err>
</testsuite>
