<?xml version="1.0" encoding="UTF-8"?>
<testsuite name="stocks.MainControllerTest" tests="1" skipped="0" failures="0" errors="0" timestamp="2016-01-19T11:24:33" hostname="Giorgoss-MacBook-Pro.local" time="0.025">
  <properties/>
  <testcase name="getMain" classname="stocks.MainControllerTest" time="0.025"/>
  <system-out><![CDATA[2016-01-19 13:24:33.771  INFO 21385 --- [    Test worker] o.s.t.c.support.AbstractContextLoader    : Could not detect default resource locations for test class [stocks.MainControllerTest]: no resource found for suffixes {-context.xml, Context.groovy}.
2016-01-19 13:24:33.772  INFO 21385 --- [    Test worker] o.s.t.c.web.WebTestContextBootstrapper   : Loaded default TestExecutionListener class names from location [META-INF/spring.factories]: [org.springframework.test.context.web.ServletTestExecutionListener, org.springframework.test.context.support.DirtiesContextBeforeModesTestExecutionListener, org.springframework.test.context.support.DependencyInjectionTestExecutionListener, org.springframework.test.context.support.DirtiesContextTestExecutionListener, org.springframework.test.context.transaction.TransactionalTestExecutionListener, org.springframework.test.context.jdbc.SqlScriptsTestExecutionListener]
2016-01-19 13:24:33.773  INFO 21385 --- [    Test worker] o.s.t.c.web.WebTestContextBootstrapper   : Could not instantiate TestExecutionListener [org.springframework.test.context.jdbc.SqlScriptsTestExecutionListener]. Specify custom listener classes or make the default listener classes (and their required dependencies) available. Offending class: [org/springframework/transaction/interceptor/TransactionAttribute]
2016-01-19 13:24:33.773  INFO 21385 --- [    Test worker] o.s.t.c.web.WebTestContextBootstrapper   : Could not instantiate TestExecutionListener [org.springframework.test.context.transaction.TransactionalTestExecutionListener]. Specify custom listener classes or make the default listener classes (and their required dependencies) available. Offending class: [org/springframework/transaction/interceptor/TransactionAttributeSource]
2016-01-19 13:24:33.773  INFO 21385 --- [    Test worker] o.s.t.c.web.WebTestContextBootstrapper   : Using TestExecutionListeners: [org.springframework.test.context.web.ServletTestExecutionListener@28ff6f6a, org.springframework.test.context.support.DirtiesContextBeforeModesTestExecutionListener@64e201ed, org.springframework.test.context.support.DependencyInjectionTestExecutionListener@58f4558d, org.springframework.test.context.support.DirtiesContextTestExecutionListener@5b22a6ae]

  .   ____          _            __ _ _
 /\\ / ___'_ __ _ _(_)_ __  __ _ \ \ \ \
( ( )\___ | '_ | '_| | '_ \/ _` | \ \ \ \
 \\/  ___)| |_)| | | | | || (_| |  ) ) ) )
  '  |____| .__|_| |_|_| |_\__, | / / / /
 =========|_|==============|___/=/_/_/_/
 :: Spring Boot ::        (v1.3.1.RELEASE)

2016-01-19 13:24:33.796  INFO 21385 --- [    Test worker] stocks.MainControllerTest                : Starting MainControllerTest on Giorgoss-MacBook-Pro.local with PID 21385 (/Users/allemaos/workspace_intelliJ/jpmorganTest.final/build/classes/test started by allemaos in /Users/allemaos/workspace_intelliJ/jpmorganTest.final)
2016-01-19 13:24:33.796  INFO 21385 --- [    Test worker] stocks.MainControllerTest                : No active profile set, falling back to default profiles: default
2016-01-19 13:24:33.797  INFO 21385 --- [    Test worker] o.s.w.c.s.GenericWebApplicationContext   : Refreshing org.springframework.web.context.support.GenericWebApplicationContext@25b7fbee: startup date [Tue Jan 19 13:24:33 EET 2016]; root of context hierarchy
2016-01-19 13:24:33.807  INFO 21385 --- [    Test worker] stocks.MainControllerTest                : Started MainControllerTest in 0.027 seconds (JVM running for 3.646)
2016-01-19 13:24:33.818  INFO 21385 --- [    Test worker] ilder$StaticRequestMappingHandlerMapping : Mapped "{[/]}" onto public java.lang.String stocks.MainController.index()
2016-01-19 13:24:33.825  INFO 21385 --- [    Test worker] s.w.s.m.m.a.RequestMappingHandlerAdapter : Looking for @ControllerAdvice: org.springframework.test.web.servlet.setup.StubWebApplicationContext@632829ae
2016-01-19 13:24:33.829  INFO 21385 --- [    Test worker] o.s.mock.web.MockServletContext          : Initializing Spring FrameworkServlet ''
2016-01-19 13:24:33.830  INFO 21385 --- [    Test worker] o.s.t.web.servlet.TestDispatcherServlet  : FrameworkServlet '': initialization started
2016-01-19 13:24:33.830  INFO 21385 --- [    Test worker] o.s.t.web.servlet.TestDispatcherServlet  : FrameworkServlet '': initialization completed in 0 ms
]]></system-out>
  <system-err><![CDATA[]]></system-err>
</testsuite>
